# JRE version: OpenJDK Runtime Environment (15.0.2+7) (build 15.0.2+7-27)
# Java VM: OpenJDK 64-Bit Server VM (15.0.2+7-27, mixed mode, sharing, tiered, compressed oops, g1 gc, windows-amd64)
GC Precious Log:
 CPUs: 4 total, 4 available
 Memory: 8075M
 Large Page Support: Disabled
 NUMA Support: Disabled
 Compressed Oops: Enabled (32-bit)
 Heap Region Size: 1M
 Heap Min Capacity: 8M
 Heap Initial Capacity: 128M
 Heap Max Capacity: 2020M
 Pre-touch: Disabled
 Parallel Workers: 4
 Concurrent Workers: 1
 Concurrent Refinement Workers: 4
 Periodic GC: Disabled
Heap:
 garbage-first heap   total 503808K, used 318464K [0x0000000081c00000, 0x0000000100000000)
  region size 1024K, 57 young (58368K), 8 survivors (8192K)
 Metaspace       used 32352K, capacity 33077K, committed 33200K, reserved 1077248K
  class space    used 4359K, capacity 4582K, committed 4608K, reserved 1048576K
GC Heap History (20 events):
Event: 9.334 GC heap before
{Heap before GC invocations=22 (full 0):
 garbage-first heap   total 218112K, used 151991K [0x0000000081c00000, 0x0000000100000000)
  region size 1024K, 63 young (64512K), 1 survivors (1024K)
 Metaspace       used 32337K, capacity 33077K, committed 33200K, reserved 1077248K
  class space    used 4356K, capacity 4582K, committed 4608K, reserved 1048576K
}
Event: 9.344 GC heap after
{Heap after GC invocations=23 (full 0):
 garbage-first heap   total 218112K, used 111376K [0x0000000081c00000, 0x0000000100000000)
  region size 1024K, 8 young (8192K), 8 survivors (8192K)
 Metaspace       used 32337K, capacity 33077K, committed 33200K, reserved 1077248K
  class space    used 4356K, capacity 4582K, committed 4608K, reserved 1048576K
}
Event: 9.496 GC heap before
{Heap before GC invocations=23 (full 0):
 garbage-first heap   total 218112K, used 158480K [0x0000000081c00000, 0x0000000100000000)
  region size 1024K, 54 young (55296K), 8 survivors (8192K)
 Metaspace       used 32337K, capacity 33077K, committed 33200K, reserved 1077248K
  class space    used 4356K, capacity 4582K, committed 4608K, reserved 1048576K
}
Event: 9.504 GC heap after
{Heap after GC invocations=24 (full 0):
 garbage-first heap   total 301056K, used 121344K [0x0000000081c00000, 0x0000000100000000)
  region size 1024K, 7 young (7168K), 7 survivors (7168K)
 Metaspace       used 32337K, capacity 33077K, committed 33200K, reserved 1077248K
  class space    used 4356K, capacity 4582K, committed 4608K, reserved 1048576K
}
Event: 9.846 GC heap before
{Heap before GC invocations=24 (full 0):
 garbage-first heap   total 301056K, used 206336K [0x0000000081c00000, 0x0000000100000000)
  region size 1024K, 90 young (92160K), 7 survivors (7168K)
 Metaspace       used 32337K, capacity 33077K, committed 33200K, reserved 1077248K
  class space    used 4356K, capacity 4582K, committed 4608K, reserved 1048576K
}
Event: 9.857 GC heap after
{Heap after GC invocations=25 (full 0):
 garbage-first heap   total 301056K, used 136192K [0x0000000081c00000, 0x0000000100000000)
  region size 1024K, 12 young (12288K), 12 survivors (12288K)
 Metaspace       used 32337K, capacity 33077K, committed 33200K, reserved 1077248K
  class space    used 4356K, capacity 4582K, committed 4608K, reserved 1048576K
}
Event: 10.151 GC heap before
{Heap before GC invocations=25 (full 0):
 garbage-first heap   total 301056K, used 214016K [0x0000000081c00000, 0x0000000100000000)
  region size 1024K, 88 young (90112K), 12 survivors (12288K)
 Metaspace       used 32337K, capacity 33077K, committed 33200K, reserved 1077248K
  class space    used 4356K, capacity 4582K, committed 4608K, reserved 1048576K
}
Event: 10.160 GC heap after
{Heap after GC invocations=26 (full 0):
 garbage-first heap   total 301056K, used 145876K [0x0000000081c00000, 0x0000000100000000)
  region size 1024K, 11 young (11264K), 11 survivors (11264K)
 Metaspace       used 32337K, capacity 33077K, committed 33200K, reserved 1077248K
  class space    used 4356K, capacity 4582K, committed 4608K, reserved 1048576K
}
Event: 10.422 GC heap before
{Heap before GC invocations=26 (full 0):
 garbage-first heap   total 301056K, used 218580K [0x0000000081c00000, 0x0000000100000000)
  region size 1024K, 82 young (83968K), 11 survivors (11264K)
 Metaspace       used 32337K, capacity 33077K, committed 33200K, reserved 1077248K
  class space    used 4356K, capacity 4582K, committed 4608K, reserved 1048576K
}
Event: 10.433 GC heap after
{Heap after GC invocations=27 (full 0):
 garbage-first heap   total 301056K, used 159682K [0x0000000081c00000, 0x0000000100000000)
  region size 1024K, 11 young (11264K), 11 survivors (11264K)
 Metaspace       used 32337K, capacity 33077K, committed 33200K, reserved 1077248K
  class space    used 4356K, capacity 4582K, committed 4608K, reserved 1048576K
}
Event: 10.684 GC heap before
{Heap before GC invocations=27 (full 0):
 garbage-first heap   total 301056K, used 224194K [0x0000000081c00000, 0x0000000100000000)
  region size 1024K, 74 young (75776K), 11 survivors (11264K)
 Metaspace       used 32337K, capacity 33077K, committed 33200K, reserved 1077248K
  class space    used 4356K, capacity 4582K, committed 4608K, reserved 1048576K
}
Event: 10.698 GC heap after
{Heap after GC invocations=28 (full 0):
 garbage-first heap   total 378880K, used 181760K [0x0000000081c00000, 0x0000000100000000)
  region size 1024K, 10 young (10240K), 10 survivors (10240K)
 Metaspace       used 32337K, capacity 33077K, committed 33200K, reserved 1077248K
  class space    used 4356K, capacity 4582K, committed 4608K, reserved 1048576K
}
Event: 11.069 GC heap before
{Heap before GC invocations=28 (full 0):
 garbage-first heap   total 378880K, used 273920K [0x0000000081c00000, 0x0000000100000000)
  region size 1024K, 100 young (102400K), 10 survivors (10240K)
 Metaspace       used 32338K, capacity 33077K, committed 33200K, reserved 1077248K
  class space    used 4356K, capacity 4582K, committed 4608K, reserved 1048576K
}
Event: 11.086 GC heap after
{Heap after GC invocations=29 (full 0):
 garbage-first heap   total 378880K, used 211456K [0x0000000081c00000, 0x0000000100000000)
  region size 1024K, 13 young (13312K), 13 survivors (13312K)
 Metaspace       used 32338K, capacity 33077K, committed 33200K, reserved 1077248K
  class space    used 4356K, capacity 4582K, committed 4608K, reserved 1048576K
}
Event: 11.402 GC heap before
{Heap before GC invocations=29 (full 0):
 garbage-first heap   total 378880K, used 284160K [0x0000000081c00000, 0x0000000100000000)
  region size 1024K, 84 young (86016K), 13 survivors (13312K)
 Metaspace       used 32338K, capacity 33077K, committed 33200K, reserved 1077248K
  class space    used 4356K, capacity 4582K, committed 4608K, reserved 1048576K
}
Event: 11.418 GC heap after
{Heap after GC invocations=30 (full 0):
 garbage-first heap   total 378880K, used 235008K [0x0000000081c00000, 0x0000000100000000)
  region size 1024K, 11 young (11264K), 11 survivors (11264K)
 Metaspace       used 32338K, capacity 33077K, committed 33200K, reserved 1077248K
  class space    used 4356K, capacity 4582K, committed 4608K, reserved 1048576K
}
Event: 11.618 GC heap before
{Heap before GC invocations=30 (full 0):
 garbage-first heap   total 378880K, used 294400K [0x0000000081c00000, 0x0000000100000000)
  region size 1024K, 69 young (70656K), 11 survivors (11264K)
 Metaspace       used 32338K, capacity 33077K, committed 33200K, reserved 1077248K
  class space    used 4356K, capacity 4582K, committed 4608K, reserved 1048576K
}
Event: 11.631 GC heap after
{Heap after GC invocations=31 (full 0):
 garbage-first heap   total 378880K, used 251392K [0x0000000081c00000, 0x0000000100000000)
  region size 1024K, 9 young (9216K), 9 survivors (9216K)
 Metaspace       used 32338K, capacity 33077K, committed 33200K, reserved 1077248K
  class space    used 4356K, capacity 4582K, committed 4608K, reserved 1048576K
}
Event: 11.823 GC heap before
{Heap before GC invocations=31 (full 0):
 garbage-first heap   total 378880K, used 301568K [0x0000000081c00000, 0x0000000100000000)
  region size 1024K, 58 young (59392K), 9 survivors (9216K)
 Metaspace       used 32338K, capacity 33077K, committed 33200K, reserved 1077248K
  class space    used 4356K, capacity 4582K, committed 4608K, reserved 1048576K
}
Event: 11.836 GC heap after
{Heap after GC invocations=32 (full 0):
 garbage-first heap   total 503808K, used 269312K [0x0000000081c00000, 0x0000000100000000)
  region size 1024K, 8 young (8192K), 8 survivors (8192K)
 Metaspace       used 32338K, capacity 33077K, committed 33200K, reserved 1077248K
  class space    used 4356K, capacity 4582K, committed 4608K, reserved 1048576K
}

